
November 30, 2020, 10:35:59
Running Homer3 v1.25.5

====
RAM:
====
Total     : 8.5 GB
Available : 1.7 GB

Opened application config file C:/Users/nicop/Desktop/Homer3-master (3)/Github/Homer3/AppSettings.cfg

MainGUI: November 30, 2020, 10:36:16 -  Will load group folder #1 - C:/Users/nicop/Desktop/Homer3-master (3)/Github/Homer3/

Current GroupClass version 1.2
Current GroupClass version 1.2

Added group Homer3 to dataTree.
   Added subject SubjDataSample to group Homer3.

Loaded acquisition data in 1.2 seconds

Saved group data, version 1.2 exists
Attempting to load proc stream from C:/Users/nicop/Desktop/Homer3-master (3)/Github/Homer3/processOpt_default.cfg
Loading proc stream from C:/Users/nicop/Desktop/Homer3-master (3)/Github/Homer3/processOpt_default.cfg
Loaded data set in 3.9 seconds
Loaded saved registry C:/Users/nicop/Desktop/Homer3-master (3)/Github/Homer3/FuncRegistry/UserFunctions/Registry.mat
Displaying channels [] in data blocks [1]

Logger: Chapter 1

MainGUI: November 30, 2020, 10:36:25 - Startup time - 9.6 seconds

